Started GET "/" for ::1 at 2017-01-05 15:59:44 -0500
  
ActiveRecord::PendingMigrationError (

Migrations are pending. To resolve this issue, run:

        bin/rails db:migrate RAILS_ENV=development

):
  
activerecord (5.0.1) lib/active_record/migration.rb:573:in `check_pending!'
activerecord (5.0.1) lib/active_record/migration.rb:549:in `call'
actionpack (5.0.1) lib/action_dispatch/middleware/callbacks.rb:38:in `block in call'
activesupport (5.0.1) lib/active_support/callbacks.rb:97:in `__run_callbacks__'
activesupport (5.0.1) lib/active_support/callbacks.rb:750:in `_run_call_callbacks'
activesupport (5.0.1) lib/active_support/callbacks.rb:90:in `run_callbacks'
actionpack (5.0.1) lib/action_dispatch/middleware/callbacks.rb:36:in `call'
actionpack (5.0.1) lib/action_dispatch/middleware/executor.rb:12:in `call'
actionpack (5.0.1) lib/action_dispatch/middleware/remote_ip.rb:79:in `call'
actionpack (5.0.1) lib/action_dispatch/middleware/debug_exceptions.rb:49:in `call'
web-console (3.4.0) lib/web_console/middleware.rb:135:in `call_app'
web-console (3.4.0) lib/web_console/middleware.rb:28:in `block in call'
web-console (3.4.0) lib/web_console/middleware.rb:18:in `catch'
web-console (3.4.0) lib/web_console/middleware.rb:18:in `call'
actionpack (5.0.1) lib/action_dispatch/middleware/show_exceptions.rb:31:in `call'
railties (5.0.1) lib/rails/rack/logger.rb:36:in `call_app'
railties (5.0.1) lib/rails/rack/logger.rb:24:in `block in call'
activesupport (5.0.1) lib/active_support/tagged_logging.rb:69:in `block in tagged'
activesupport (5.0.1) lib/active_support/tagged_logging.rb:26:in `tagged'
activesupport (5.0.1) lib/active_support/tagged_logging.rb:69:in `tagged'
railties (5.0.1) lib/rails/rack/logger.rb:24:in `call'
sprockets-rails (3.2.0) lib/sprockets/rails/quiet_assets.rb:13:in `call'
actionpack (5.0.1) lib/action_dispatch/middleware/request_id.rb:24:in `call'
rack (2.0.1) lib/rack/method_override.rb:22:in `call'
rack (2.0.1) lib/rack/runtime.rb:22:in `call'
activesupport (5.0.1) lib/active_support/cache/strategy/local_cache_middleware.rb:28:in `call'
actionpack (5.0.1) lib/action_dispatch/middleware/executor.rb:12:in `call'
actionpack (5.0.1) lib/action_dispatch/middleware/static.rb:136:in `call'
rack (2.0.1) lib/rack/sendfile.rb:111:in `call'
railties (5.0.1) lib/rails/engine.rb:522:in `call'
puma (3.6.2) lib/puma/configuration.rb:225:in `call'
puma (3.6.2) lib/puma/server.rb:578:in `handle_request'
puma (3.6.2) lib/puma/server.rb:415:in `process_client'
puma (3.6.2) lib/puma/server.rb:275:in `block in run'
puma (3.6.2) lib/puma/thread_pool.rb:116:in `block in spawn_thread'
  Rendering C:/RailsInstaller/Ruby2.3.0/lib/ruby/gems/2.3.0/gems/actionpack-5.0.1/lib/action_dispatch/middleware/templates/rescues/diagnostics.html.erb within rescues/layout
  Rendering C:/RailsInstaller/Ruby2.3.0/lib/ruby/gems/2.3.0/gems/actionpack-5.0.1/lib/action_dispatch/middleware/templates/rescues/_source.html.erb
  Rendered C:/RailsInstaller/Ruby2.3.0/lib/ruby/gems/2.3.0/gems/actionpack-5.0.1/lib/action_dispatch/middleware/templates/rescues/_source.html.erb (1.5ms)
  Rendering C:/RailsInstaller/Ruby2.3.0/lib/ruby/gems/2.3.0/gems/actionpack-5.0.1/lib/action_dispatch/middleware/templates/rescues/_trace.html.erb
  Rendered C:/RailsInstaller/Ruby2.3.0/lib/ruby/gems/2.3.0/gems/actionpack-5.0.1/lib/action_dispatch/middleware/templates/rescues/_trace.html.erb (1.5ms)
  Rendering C:/RailsInstaller/Ruby2.3.0/lib/ruby/gems/2.3.0/gems/actionpack-5.0.1/lib/action_dispatch/middleware/templates/rescues/_request_and_response.html.erb
  Rendered C:/RailsInstaller/Ruby2.3.0/lib/ruby/gems/2.3.0/gems/actionpack-5.0.1/lib/action_dispatch/middleware/templates/rescues/_request_and_response.html.erb (1.0ms)
  Rendered C:/RailsInstaller/Ruby2.3.0/lib/ruby/gems/2.3.0/gems/actionpack-5.0.1/lib/action_dispatch/middleware/templates/rescues/diagnostics.html.erb within rescues/layout (809.4ms)
  [1m[35m (110.1ms)[0m  [1m[35mCREATE TABLE "schema_migrations" ("version" varchar NOT NULL PRIMARY KEY)[0m
  [1m[35m (103.6ms)[0m  [1m[35mCREATE TABLE "ar_internal_metadata" ("key" varchar NOT NULL PRIMARY KEY, "value" varchar, "created_at" datetime NOT NULL, "updated_at" datetime NOT NULL)[0m
  [1m[36mActiveRecord::SchemaMigration Load (0.5ms)[0m  [1m[34mSELECT "schema_migrations".* FROM "schema_migrations"[0m
Migrating to CreateRestaurants (20170105195509)
  [1m[35m (0.5ms)[0m  [1m[36mbegin transaction[0m
  [1m[35m (0.5ms)[0m  [1m[35mCREATE TABLE "restaurants" ("id" INTEGER PRIMARY KEY AUTOINCREMENT NOT NULL, "name" varchar, "address" varchar, "phone" varchar, "website" varchar, "created_at" datetime NOT NULL, "updated_at" datetime NOT NULL)[0m
  [1m[35mSQL (0.5ms)[0m  [1m[32mINSERT INTO "schema_migrations" ("version") VALUES (?)[0m  [["version", "20170105195509"]]
  [1m[35m (136.6ms)[0m  [1m[36mcommit transaction[0m
  [1m[36mActiveRecord::InternalMetadata Load (0.5ms)[0m  [1m[34mSELECT  "ar_internal_metadata".* FROM "ar_internal_metadata" WHERE "ar_internal_metadata"."key" = ? LIMIT ?[0m  [["key", :environment], ["LIMIT", 1]]
  [1m[35m (0.0ms)[0m  [1m[36mbegin transaction[0m
  [1m[35mSQL (1.5ms)[0m  [1m[32mINSERT INTO "ar_internal_metadata" ("key", "value", "created_at", "updated_at") VALUES (?, ?, ?, ?)[0m  [["key", "environment"], ["value", "development"], ["created_at", 2017-01-05 21:00:36 UTC], ["updated_at", 2017-01-05 21:00:36 UTC]]
  [1m[35m (111.1ms)[0m  [1m[36mcommit transaction[0m
  [1m[36mActiveRecord::SchemaMigration Load (0.0ms)[0m  [1m[34mSELECT "schema_migrations".* FROM "schema_migrations"[0m
Started GET "/" for 127.0.0.1 at 2017-01-05 16:00:52 -0500
  [1m[36mActiveRecord::SchemaMigration Load (0.0ms)[0m  [1m[34mSELECT "schema_migrations".* FROM "schema_migrations"[0m
Processing by Rails::WelcomeController#index as HTML
  Parameters: {"internal"=>true}
  Rendering C:/RailsInstaller/Ruby2.3.0/lib/ruby/gems/2.3.0/gems/railties-5.0.1/lib/rails/templates/rails/welcome/index.html.erb
  Rendered C:/RailsInstaller/Ruby2.3.0/lib/ruby/gems/2.3.0/gems/railties-5.0.1/lib/rails/templates/rails/welcome/index.html.erb (5.0ms)
Completed 200 OK in 78ms (Views: 30.4ms | ActiveRecord: 0.0ms)


Started GET "/resturants" for 127.0.0.1 at 2017-01-05 16:00:58 -0500
  
ActionController::RoutingError (No route matches [GET] "/resturants"):
  
actionpack (5.0.1) lib/action_dispatch/middleware/debug_exceptions.rb:53:in `call'
web-console (3.4.0) lib/web_console/middleware.rb:135:in `call_app'
web-console (3.4.0) lib/web_console/middleware.rb:28:in `block in call'
web-console (3.4.0) lib/web_console/middleware.rb:18:in `catch'
web-console (3.4.0) lib/web_console/middleware.rb:18:in `call'
actionpack (5.0.1) lib/action_dispatch/middleware/show_exceptions.rb:31:in `call'
railties (5.0.1) lib/rails/rack/logger.rb:36:in `call_app'
railties (5.0.1) lib/rails/rack/logger.rb:24:in `block in call'
activesupport (5.0.1) lib/active_support/tagged_logging.rb:69:in `block in tagged'
activesupport (5.0.1) lib/active_support/tagged_logging.rb:26:in `tagged'
activesupport (5.0.1) lib/active_support/tagged_logging.rb:69:in `tagged'
railties (5.0.1) lib/rails/rack/logger.rb:24:in `call'
sprockets-rails (3.2.0) lib/sprockets/rails/quiet_assets.rb:13:in `call'
actionpack (5.0.1) lib/action_dispatch/middleware/request_id.rb:24:in `call'
rack (2.0.1) lib/rack/method_override.rb:22:in `call'
rack (2.0.1) lib/rack/runtime.rb:22:in `call'
activesupport (5.0.1) lib/active_support/cache/strategy/local_cache_middleware.rb:28:in `call'
actionpack (5.0.1) lib/action_dispatch/middleware/executor.rb:12:in `call'
actionpack (5.0.1) lib/action_dispatch/middleware/static.rb:136:in `call'
rack (2.0.1) lib/rack/sendfile.rb:111:in `call'
railties (5.0.1) lib/rails/engine.rb:522:in `call'
puma (3.6.2) lib/puma/configuration.rb:225:in `call'
puma (3.6.2) lib/puma/server.rb:578:in `handle_request'
puma (3.6.2) lib/puma/server.rb:415:in `process_client'
puma (3.6.2) lib/puma/server.rb:275:in `block in run'
puma (3.6.2) lib/puma/thread_pool.rb:116:in `block in spawn_thread'
  Rendering C:/RailsInstaller/Ruby2.3.0/lib/ruby/gems/2.3.0/gems/actionpack-5.0.1/lib/action_dispatch/middleware/templates/rescues/routing_error.html.erb within rescues/layout
  Rendering C:/RailsInstaller/Ruby2.3.0/lib/ruby/gems/2.3.0/gems/actionpack-5.0.1/lib/action_dispatch/middleware/templates/rescues/_trace.html.erb
  Rendered C:/RailsInstaller/Ruby2.3.0/lib/ruby/gems/2.3.0/gems/actionpack-5.0.1/lib/action_dispatch/middleware/templates/rescues/_trace.html.erb (0.5ms)
  Rendered collection of C:/RailsInstaller/Ruby2.3.0/lib/ruby/gems/2.3.0/gems/actionpack-5.0.1/lib/action_dispatch/middleware/templates/routes/_route.html.erb [10 times] (5.5ms)
  Rendered C:/RailsInstaller/Ruby2.3.0/lib/ruby/gems/2.3.0/gems/actionpack-5.0.1/lib/action_dispatch/middleware/templates/routes/_table.html.erb (26.0ms)
  Rendering C:/RailsInstaller/Ruby2.3.0/lib/ruby/gems/2.3.0/gems/actionpack-5.0.1/lib/action_dispatch/middleware/templates/rescues/_request_and_response.html.erb
  Rendered C:/RailsInstaller/Ruby2.3.0/lib/ruby/gems/2.3.0/gems/actionpack-5.0.1/lib/action_dispatch/middleware/templates/rescues/_request_and_response.html.erb (1.0ms)
  Rendered C:/RailsInstaller/Ruby2.3.0/lib/ruby/gems/2.3.0/gems/actionpack-5.0.1/lib/action_dispatch/middleware/templates/rescues/routing_error.html.erb within rescues/layout (1021.3ms)
  [1m[36mActiveRecord::SchemaMigration Load (0.0ms)[0m  [1m[34mSELECT "schema_migrations".* FROM "schema_migrations"[0m
  [1m[36mActiveRecord::InternalMetadata Load (0.0ms)[0m  [1m[34mSELECT  "ar_internal_metadata".* FROM "ar_internal_metadata" WHERE "ar_internal_metadata"."key" = ? LIMIT ?[0m  [["key", :environment], ["LIMIT", 1]]
  [1m[35m (0.0ms)[0m  [1m[36mbegin transaction[0m
  [1m[35m (0.0ms)[0m  [1m[36mcommit transaction[0m
  [1m[36mActiveRecord::SchemaMigration Load (0.0ms)[0m  [1m[34mSELECT "schema_migrations".* FROM "schema_migrations"[0m
Started GET "/resturants" for ::1 at 2017-01-05 16:07:53 -0500
  [1m[36mActiveRecord::SchemaMigration Load (0.0ms)[0m  [1m[34mSELECT "schema_migrations".* FROM "schema_migrations"[0m
  
ActionController::RoutingError (No route matches [GET] "/resturants"):
  
actionpack (5.0.1) lib/action_dispatch/middleware/debug_exceptions.rb:53:in `call'
web-console (3.4.0) lib/web_console/middleware.rb:135:in `call_app'
web-console (3.4.0) lib/web_console/middleware.rb:28:in `block in call'
web-console (3.4.0) lib/web_console/middleware.rb:18:in `catch'
web-console (3.4.0) lib/web_console/middleware.rb:18:in `call'
actionpack (5.0.1) lib/action_dispatch/middleware/show_exceptions.rb:31:in `call'
railties (5.0.1) lib/rails/rack/logger.rb:36:in `call_app'
railties (5.0.1) lib/rails/rack/logger.rb:24:in `block in call'
activesupport (5.0.1) lib/active_support/tagged_logging.rb:69:in `block in tagged'
activesupport (5.0.1) lib/active_support/tagged_logging.rb:26:in `tagged'
activesupport (5.0.1) lib/active_support/tagged_logging.rb:69:in `tagged'
railties (5.0.1) lib/rails/rack/logger.rb:24:in `call'
sprockets-rails (3.2.0) lib/sprockets/rails/quiet_assets.rb:13:in `call'
actionpack (5.0.1) lib/action_dispatch/middleware/request_id.rb:24:in `call'
rack (2.0.1) lib/rack/method_override.rb:22:in `call'
rack (2.0.1) lib/rack/runtime.rb:22:in `call'
activesupport (5.0.1) lib/active_support/cache/strategy/local_cache_middleware.rb:28:in `call'
actionpack (5.0.1) lib/action_dispatch/middleware/executor.rb:12:in `call'
actionpack (5.0.1) lib/action_dispatch/middleware/static.rb:136:in `call'
rack (2.0.1) lib/rack/sendfile.rb:111:in `call'
railties (5.0.1) lib/rails/engine.rb:522:in `call'
puma (3.6.2) lib/puma/configuration.rb:225:in `call'
puma (3.6.2) lib/puma/server.rb:578:in `handle_request'
puma (3.6.2) lib/puma/server.rb:415:in `process_client'
puma (3.6.2) lib/puma/server.rb:275:in `block in run'
puma (3.6.2) lib/puma/thread_pool.rb:116:in `block in spawn_thread'
  Rendering C:/RailsInstaller/Ruby2.3.0/lib/ruby/gems/2.3.0/gems/actionpack-5.0.1/lib/action_dispatch/middleware/templates/rescues/routing_error.html.erb within rescues/layout
  Rendering C:/RailsInstaller/Ruby2.3.0/lib/ruby/gems/2.3.0/gems/actionpack-5.0.1/lib/action_dispatch/middleware/templates/rescues/_trace.html.erb
  Rendered C:/RailsInstaller/Ruby2.3.0/lib/ruby/gems/2.3.0/gems/actionpack-5.0.1/lib/action_dispatch/middleware/templates/rescues/_trace.html.erb (1.0ms)
  Rendered collection of C:/RailsInstaller/Ruby2.3.0/lib/ruby/gems/2.3.0/gems/actionpack-5.0.1/lib/action_dispatch/middleware/templates/routes/_route.html.erb [10 times] (2.5ms)
  Rendered C:/RailsInstaller/Ruby2.3.0/lib/ruby/gems/2.3.0/gems/actionpack-5.0.1/lib/action_dispatch/middleware/templates/routes/_table.html.erb (9.5ms)
  Rendering C:/RailsInstaller/Ruby2.3.0/lib/ruby/gems/2.3.0/gems/actionpack-5.0.1/lib/action_dispatch/middleware/templates/rescues/_request_and_response.html.erb
  Rendered C:/RailsInstaller/Ruby2.3.0/lib/ruby/gems/2.3.0/gems/actionpack-5.0.1/lib/action_dispatch/middleware/templates/rescues/_request_and_response.html.erb (11.0ms)
  Rendered C:/RailsInstaller/Ruby2.3.0/lib/ruby/gems/2.3.0/gems/actionpack-5.0.1/lib/action_dispatch/middleware/templates/rescues/routing_error.html.erb within rescues/layout (986.9ms)
Started GET "/resturant" for ::1 at 2017-01-05 16:08:00 -0500
  
ActionController::RoutingError (No route matches [GET] "/resturant"):
  
actionpack (5.0.1) lib/action_dispatch/middleware/debug_exceptions.rb:53:in `call'
web-console (3.4.0) lib/web_console/middleware.rb:135:in `call_app'
web-console (3.4.0) lib/web_console/middleware.rb:28:in `block in call'
web-console (3.4.0) lib/web_console/middleware.rb:18:in `catch'
web-console (3.4.0) lib/web_console/middleware.rb:18:in `call'
actionpack (5.0.1) lib/action_dispatch/middleware/show_exceptions.rb:31:in `call'
railties (5.0.1) lib/rails/rack/logger.rb:36:in `call_app'
railties (5.0.1) lib/rails/rack/logger.rb:24:in `block in call'
activesupport (5.0.1) lib/active_support/tagged_logging.rb:69:in `block in tagged'
activesupport (5.0.1) lib/active_support/tagged_logging.rb:26:in `tagged'
activesupport (5.0.1) lib/active_support/tagged_logging.rb:69:in `tagged'
railties (5.0.1) lib/rails/rack/logger.rb:24:in `call'
sprockets-rails (3.2.0) lib/sprockets/rails/quiet_assets.rb:13:in `call'
actionpack (5.0.1) lib/action_dispatch/middleware/request_id.rb:24:in `call'
rack (2.0.1) lib/rack/method_override.rb:22:in `call'
rack (2.0.1) lib/rack/runtime.rb:22:in `call'
activesupport (5.0.1) lib/active_support/cache/strategy/local_cache_middleware.rb:28:in `call'
actionpack (5.0.1) lib/action_dispatch/middleware/executor.rb:12:in `call'
actionpack (5.0.1) lib/action_dispatch/middleware/static.rb:136:in `call'
rack (2.0.1) lib/rack/sendfile.rb:111:in `call'
railties (5.0.1) lib/rails/engine.rb:522:in `call'
puma (3.6.2) lib/puma/configuration.rb:225:in `call'
puma (3.6.2) lib/puma/server.rb:578:in `handle_request'
puma (3.6.2) lib/puma/server.rb:415:in `process_client'
puma (3.6.2) lib/puma/server.rb:275:in `block in run'
puma (3.6.2) lib/puma/thread_pool.rb:116:in `block in spawn_thread'
  Rendering C:/RailsInstaller/Ruby2.3.0/lib/ruby/gems/2.3.0/gems/actionpack-5.0.1/lib/action_dispatch/middleware/templates/rescues/routing_error.html.erb within rescues/layout
  Rendering C:/RailsInstaller/Ruby2.3.0/lib/ruby/gems/2.3.0/gems/actionpack-5.0.1/lib/action_dispatch/middleware/templates/rescues/_trace.html.erb
  Rendered C:/RailsInstaller/Ruby2.3.0/lib/ruby/gems/2.3.0/gems/actionpack-5.0.1/lib/action_dispatch/middleware/templates/rescues/_trace.html.erb (1.0ms)
  Rendered collection of C:/RailsInstaller/Ruby2.3.0/lib/ruby/gems/2.3.0/gems/actionpack-5.0.1/lib/action_dispatch/middleware/templates/routes/_route.html.erb [10 times] (2.5ms)
  Rendered C:/RailsInstaller/Ruby2.3.0/lib/ruby/gems/2.3.0/gems/actionpack-5.0.1/lib/action_dispatch/middleware/templates/routes/_table.html.erb (1.0ms)
  Rendering C:/RailsInstaller/Ruby2.3.0/lib/ruby/gems/2.3.0/gems/actionpack-5.0.1/lib/action_dispatch/middleware/templates/rescues/_request_and_response.html.erb
  Rendered C:/RailsInstaller/Ruby2.3.0/lib/ruby/gems/2.3.0/gems/actionpack-5.0.1/lib/action_dispatch/middleware/templates/rescues/_request_and_response.html.erb (1.0ms)
  Rendered C:/RailsInstaller/Ruby2.3.0/lib/ruby/gems/2.3.0/gems/actionpack-5.0.1/lib/action_dispatch/middleware/templates/rescues/routing_error.html.erb within rescues/layout (960.7ms)
Started GET "/resturants/new" for ::1 at 2017-01-05 16:08:14 -0500
  
ActionController::RoutingError (No route matches [GET] "/resturants/new"):
  
actionpack (5.0.1) lib/action_dispatch/middleware/debug_exceptions.rb:53:in `call'
web-console (3.4.0) lib/web_console/middleware.rb:135:in `call_app'
web-console (3.4.0) lib/web_console/middleware.rb:28:in `block in call'
web-console (3.4.0) lib/web_console/middleware.rb:18:in `catch'
web-console (3.4.0) lib/web_console/middleware.rb:18:in `call'
actionpack (5.0.1) lib/action_dispatch/middleware/show_exceptions.rb:31:in `call'
railties (5.0.1) lib/rails/rack/logger.rb:36:in `call_app'
railties (5.0.1) lib/rails/rack/logger.rb:24:in `block in call'
activesupport (5.0.1) lib/active_support/tagged_logging.rb:69:in `block in tagged'
activesupport (5.0.1) lib/active_support/tagged_logging.rb:26:in `tagged'
activesupport (5.0.1) lib/active_support/tagged_logging.rb:69:in `tagged'
railties (5.0.1) lib/rails/rack/logger.rb:24:in `call'
sprockets-rails (3.2.0) lib/sprockets/rails/quiet_assets.rb:13:in `call'
actionpack (5.0.1) lib/action_dispatch/middleware/request_id.rb:24:in `call'
rack (2.0.1) lib/rack/method_override.rb:22:in `call'
rack (2.0.1) lib/rack/runtime.rb:22:in `call'
activesupport (5.0.1) lib/active_support/cache/strategy/local_cache_middleware.rb:28:in `call'
actionpack (5.0.1) lib/action_dispatch/middleware/executor.rb:12:in `call'
actionpack (5.0.1) lib/action_dispatch/middleware/static.rb:136:in `call'
rack (2.0.1) lib/rack/sendfile.rb:111:in `call'
railties (5.0.1) lib/rails/engine.rb:522:in `call'
puma (3.6.2) lib/puma/configuration.rb:225:in `call'
puma (3.6.2) lib/puma/server.rb:578:in `handle_request'
puma (3.6.2) lib/puma/server.rb:415:in `process_client'
puma (3.6.2) lib/puma/server.rb:275:in `block in run'
puma (3.6.2) lib/puma/thread_pool.rb:116:in `block in spawn_thread'
  Rendering C:/RailsInstaller/Ruby2.3.0/lib/ruby/gems/2.3.0/gems/actionpack-5.0.1/lib/action_dispatch/middleware/templates/rescues/routing_error.html.erb within rescues/layout
  Rendering C:/RailsInstaller/Ruby2.3.0/lib/ruby/gems/2.3.0/gems/actionpack-5.0.1/lib/action_dispatch/middleware/templates/rescues/_trace.html.erb
  Rendered C:/RailsInstaller/Ruby2.3.0/lib/ruby/gems/2.3.0/gems/actionpack-5.0.1/lib/action_dispatch/middleware/templates/rescues/_trace.html.erb (1.0ms)
  Rendered collection of C:/RailsInstaller/Ruby2.3.0/lib/ruby/gems/2.3.0/gems/actionpack-5.0.1/lib/action_dispatch/middleware/templates/routes/_route.html.erb [10 times] (2.5ms)
  Rendered C:/RailsInstaller/Ruby2.3.0/lib/ruby/gems/2.3.0/gems/actionpack-5.0.1/lib/action_dispatch/middleware/templates/routes/_table.html.erb (1.5ms)
  Rendering C:/RailsInstaller/Ruby2.3.0/lib/ruby/gems/2.3.0/gems/actionpack-5.0.1/lib/action_dispatch/middleware/templates/rescues/_request_and_response.html.erb
  Rendered C:/RailsInstaller/Ruby2.3.0/lib/ruby/gems/2.3.0/gems/actionpack-5.0.1/lib/action_dispatch/middleware/templates/rescues/_request_and_response.html.erb (1.0ms)
  Rendered C:/RailsInstaller/Ruby2.3.0/lib/ruby/gems/2.3.0/gems/actionpack-5.0.1/lib/action_dispatch/middleware/templates/rescues/routing_error.html.erb within rescues/layout (955.9ms)
Started GET "//restaurants" for ::1 at 2017-01-05 16:10:14 -0500
Processing by RestaurantsController#index as HTML
  Rendering restaurants/index.html.erb within layouts/application
  [1m[36mRestaurant Load (1.0ms)[0m  [1m[34mSELECT "restaurants".* FROM "restaurants"[0m
  Rendered restaurants/index.html.erb within layouts/application (8.0ms)
Completed 200 OK in 3988ms (Views: 1617.8ms | ActiveRecord: 1.5ms)


Started GET "/restaurants/new" for ::1 at 2017-01-05 16:10:33 -0500
Processing by RestaurantsController#new as HTML
  Rendering restaurants/new.html.erb within layouts/application
  Rendered restaurants/_form.html.erb (88.5ms)
  Rendered restaurants/new.html.erb within layouts/application (157.5ms)
Completed 200 OK in 261ms (Views: 231.1ms | ActiveRecord: 0.5ms)


Started GET "/" for ::1 at 2017-01-05 16:13:53 -0500
  [1m[36mActiveRecord::SchemaMigration Load (0.0ms)[0m  [1m[34mSELECT "schema_migrations".* FROM "schema_migrations"[0m
Processing by RestaurantsController#index as HTML
  Rendering restaurants/index.html.erb within layouts/application
  [1m[36mRestaurant Load (0.0ms)[0m  [1m[34mSELECT "restaurants".* FROM "restaurants"[0m
  Rendered restaurants/index.html.erb within layouts/application (8.0ms)
Completed 200 OK in 266ms (Views: 246.5ms | ActiveRecord: 0.5ms)


Started GET "/" for ::1 at 2017-01-05 16:23:38 -0500
  [1m[36mActiveRecord::SchemaMigration Load (0.5ms)[0m  [1m[34mSELECT "schema_migrations".* FROM "schema_migrations"[0m
Processing by RestaurantsController#index as HTML
  Rendering restaurants/index.html.erb within layouts/application
  [1m[36mRestaurant Load (0.0ms)[0m  [1m[34mSELECT "restaurants".* FROM "restaurants"[0m
  Rendered restaurants/index.html.erb within layouts/application (7.5ms)
  Rendered layouts/_bootstrap.html.erb (0.5ms)
  Rendered layouts/_navbar.html.erb (0.0ms)
  Rendered layouts/_footer.html.erb (0.5ms)
Completed 200 OK in 284ms (Views: 265.5ms | ActiveRecord: 0.0ms)


Started GET "/restaurants/new" for ::1 at 2017-01-05 16:23:59 -0500
Processing by RestaurantsController#new as HTML
  Rendering restaurants/new.html.erb within layouts/application
  Rendered restaurants/_form.html.erb (17.5ms)
  Rendered restaurants/new.html.erb within layouts/application (23.5ms)
  Rendered layouts/_bootstrap.html.erb (0.0ms)
  Rendered layouts/_navbar.html.erb (0.5ms)
  Rendered layouts/_footer.html.erb (0.0ms)
Completed 200 OK in 111ms (Views: 92.5ms | ActiveRecord: 0.5ms)


Started GET "/restaurants" for ::1 at 2017-01-05 16:24:02 -0500
Processing by RestaurantsController#index as HTML
  Rendering restaurants/index.html.erb within layouts/application
  [1m[36mRestaurant Load (0.0ms)[0m  [1m[34mSELECT "restaurants".* FROM "restaurants"[0m
  Rendered restaurants/index.html.erb within layouts/application (1.5ms)
  Rendered layouts/_bootstrap.html.erb (0.5ms)
  Rendered layouts/_navbar.html.erb (0.0ms)
  Rendered layouts/_footer.html.erb (0.5ms)
Completed 200 OK in 89ms (Views: 79.6ms | ActiveRecord: 0.0ms)


Started GET "/restaurants" for ::1 at 2017-01-05 16:24:05 -0500
Processing by RestaurantsController#index as HTML
  Rendering restaurants/index.html.erb within layouts/application
  [1m[36mRestaurant Load (0.5ms)[0m  [1m[34mSELECT "restaurants".* FROM "restaurants"[0m
  Rendered restaurants/index.html.erb within layouts/application (1.0ms)
  Rendered layouts/_bootstrap.html.erb (0.0ms)
  Rendered layouts/_navbar.html.erb (0.5ms)
  Rendered layouts/_footer.html.erb (0.5ms)
Completed 200 OK in 86ms (Views: 72.9ms | ActiveRecord: 0.5ms)


Started GET "/restaurants/new" for ::1 at 2017-01-05 16:24:07 -0500
Processing by RestaurantsController#new as HTML
  Rendering restaurants/new.html.erb within layouts/application
  Rendered restaurants/_form.html.erb (2.0ms)
  Rendered restaurants/new.html.erb within layouts/application (7.5ms)
  Rendered layouts/_bootstrap.html.erb (0.0ms)
  Rendered layouts/_navbar.html.erb (0.5ms)
  Rendered layouts/_footer.html.erb (0.0ms)
Completed 200 OK in 93ms (Views: 80.9ms | ActiveRecord: 0.0ms)


Started GET "/" for ::1 at 2017-01-05 16:25:39 -0500
Processing by RestaurantsController#index as HTML
  Rendering restaurants/index.html.erb within layouts/application
  [1m[36mRestaurant Load (0.0ms)[0m  [1m[34mSELECT "restaurants".* FROM "restaurants"[0m
  Rendered restaurants/index.html.erb within layouts/application (1.5ms)
  Rendered layouts/_bootstrap.html.erb (0.0ms)
  Rendered layouts/_navbar.html.erb (0.5ms)
  Rendered layouts/_footer.html.erb (0.0ms)
Completed 200 OK in 73ms (Views: 66.6ms | ActiveRecord: 0.0ms)


Started GET "/" for ::1 at 2017-01-05 16:27:55 -0500
Processing by RestaurantsController#index as HTML
  Rendering restaurants/index.html.erb within layouts/application
  [1m[36mRestaurant Load (0.0ms)[0m  [1m[34mSELECT "restaurants".* FROM "restaurants"[0m
  Rendered restaurants/index.html.erb within layouts/application (1.5ms)
  Rendered layouts/_bootstrap.html.erb (0.5ms)
  Rendered layouts/_navbar.html.erb (0.5ms)
  Rendered layouts/_footer.html.erb (0.5ms)
Completed 200 OK in 98ms (Views: 83.4ms | ActiveRecord: 0.0ms)


Started GET "/" for ::1 at 2017-01-05 16:28:06 -0500
Processing by RestaurantsController#index as HTML
  Rendering restaurants/index.html.erb within layouts/application
  [1m[36mRestaurant Load (0.5ms)[0m  [1m[34mSELECT "restaurants".* FROM "restaurants"[0m
  Rendered restaurants/index.html.erb within layouts/application (1.5ms)
  Rendered layouts/_bootstrap.html.erb (0.0ms)
  Rendered layouts/_navbar.html.erb (0.5ms)
  Rendered layouts/_footer.html.erb (0.5ms)
Completed 200 OK in 100ms (Views: 83.2ms | ActiveRecord: 0.5ms)


Started GET "/" for ::1 at 2017-01-05 16:29:06 -0500
Processing by RestaurantsController#index as HTML
  Rendering restaurants/index.html.erb within layouts/application
  [1m[36mRestaurant Load (0.5ms)[0m  [1m[34mSELECT "restaurants".* FROM "restaurants"[0m
  Rendered restaurants/index.html.erb within layouts/application (1.0ms)
  Rendered layouts/_bootstrap.html.erb (0.0ms)
  Rendered layouts/_navbar.html.erb (0.5ms)
  Rendered layouts/_footer.html.erb (0.0ms)
Completed 200 OK in 559ms (Views: 549.1ms | ActiveRecord: 0.5ms)


Started GET "/restaurants/new" for ::1 at 2017-01-05 16:29:09 -0500
Processing by RestaurantsController#new as HTML
  Rendering restaurants/new.html.erb within layouts/application
  Rendered restaurants/_form.html.erb (2.5ms)
  Rendered restaurants/new.html.erb within layouts/application (8.0ms)
  Rendered layouts/_bootstrap.html.erb (0.0ms)
  Rendered layouts/_navbar.html.erb (0.5ms)
  Rendered layouts/_footer.html.erb (0.0ms)
Completed 200 OK in 82ms (Views: 72.5ms | ActiveRecord: 0.0ms)


Started GET "/pages/contact" for ::1 at 2017-01-05 16:29:14 -0500
Processing by PagesController#contact as HTML
  Rendering pages/contact.html.erb within layouts/application
  Rendered pages/contact.html.erb within layouts/application (0.5ms)
  Rendered layouts/_bootstrap.html.erb (0.0ms)
  Rendered layouts/_navbar.html.erb (0.5ms)
  Rendered layouts/_footer.html.erb (0.5ms)
Completed 200 OK in 88ms (Views: 76.2ms | ActiveRecord: 0.0ms)


Started GET "/pages/about" for ::1 at 2017-01-05 16:29:15 -0500
Processing by PagesController#about as HTML
  Rendering pages/about.html.erb within layouts/application
  Rendered pages/about.html.erb within layouts/application (0.0ms)
  Rendered layouts/_bootstrap.html.erb (0.5ms)
  Rendered layouts/_navbar.html.erb (0.5ms)
  Rendered layouts/_footer.html.erb (0.5ms)
Completed 200 OK in 79ms (Views: 71.7ms | ActiveRecord: 0.0ms)


Started GET "/" for ::1 at 2017-01-05 16:29:16 -0500
Processing by RestaurantsController#index as HTML
  Rendering restaurants/index.html.erb within layouts/application
  [1m[36mRestaurant Load (0.0ms)[0m  [1m[34mSELECT "restaurants".* FROM "restaurants"[0m
  Rendered restaurants/index.html.erb within layouts/application (1.0ms)
  Rendered layouts/_bootstrap.html.erb (0.0ms)
  Rendered layouts/_navbar.html.erb (0.5ms)
  Rendered layouts/_footer.html.erb (0.0ms)
Completed 200 OK in 78ms (Views: 66.4ms | ActiveRecord: 0.0ms)


Started GET "/pages/contact" for ::1 at 2017-01-05 16:29:36 -0500
Processing by PagesController#contact as HTML
  Rendering pages/contact.html.erb within layouts/application
  Rendered pages/contact.html.erb within layouts/application (0.5ms)
  Rendered layouts/_bootstrap.html.erb (0.5ms)
  Rendered layouts/_navbar.html.erb (0.5ms)
  Rendered layouts/_footer.html.erb (0.5ms)
Completed 200 OK in 79ms (Views: 69.8ms | ActiveRecord: 0.0ms)


Started GET "/pages/contact" for ::1 at 2017-01-05 16:33:17 -0500
Processing by PagesController#contact as HTML
  Rendering pages/contact.html.erb within layouts/application
  Rendered pages/contact.html.erb within layouts/application (0.5ms)
  Rendered layouts/_bootstrap.html.erb (0.5ms)
  Rendered layouts/_navbar.html.erb (0.5ms)
  Rendered layouts/_footer.html.erb (0.5ms)
Completed 200 OK in 97ms (Views: 86.1ms | ActiveRecord: 0.0ms)


Started GET "/" for ::1 at 2017-01-05 16:33:20 -0500
Processing by RestaurantsController#index as HTML
  Rendering restaurants/index.html.erb within layouts/application
  [1m[36mRestaurant Load (0.5ms)[0m  [1m[34mSELECT "restaurants".* FROM "restaurants"[0m
  Rendered restaurants/index.html.erb within layouts/application (1.0ms)
  Rendered layouts/_bootstrap.html.erb (0.0ms)
  Rendered layouts/_navbar.html.erb (0.5ms)
  Rendered layouts/_footer.html.erb (0.0ms)
Completed 200 OK in 81ms (Views: 69.0ms | ActiveRecord: 0.5ms)


Started GET "/restaurants/new" for ::1 at 2017-01-05 16:33:22 -0500
Processing by RestaurantsController#new as HTML
  Rendering restaurants/new.html.erb within layouts/application
  Rendered restaurants/_form.html.erb (2.5ms)
  Rendered restaurants/new.html.erb within layouts/application (8.0ms)
  Rendered layouts/_bootstrap.html.erb (0.5ms)
  Rendered layouts/_navbar.html.erb (0.5ms)
  Rendered layouts/_footer.html.erb (0.0ms)
Completed 200 OK in 90ms (Views: 79.7ms | ActiveRecord: 0.0ms)


Started GET "/" for ::1 at 2017-01-05 16:33:27 -0500
Processing by RestaurantsController#index as HTML
  Rendering restaurants/index.html.erb within layouts/application
  [1m[36mRestaurant Load (0.5ms)[0m  [1m[34mSELECT "restaurants".* FROM "restaurants"[0m
  Rendered restaurants/index.html.erb within layouts/application (1.0ms)
  Rendered layouts/_bootstrap.html.erb (0.5ms)
  Rendered layouts/_navbar.html.erb (0.5ms)
  Rendered layouts/_footer.html.erb (0.0ms)
Completed 200 OK in 76ms (Views: 65.1ms | ActiveRecord: 0.5ms)


Started GET "/" for ::1 at 2017-01-05 16:37:07 -0500
Processing by RestaurantsController#index as HTML
  Rendering restaurants/index.html.erb within layouts/application
  [1m[36mRestaurant Load (0.0ms)[0m  [1m[34mSELECT "restaurants".* FROM "restaurants"[0m
  Rendered restaurants/index.html.erb within layouts/application (1.5ms)
  Rendered layouts/_bootstrap.html.erb (0.5ms)
  Rendered layouts/_navbar.html.erb (0.5ms)
  Rendered layouts/_footer.html.erb (0.0ms)
Completed 200 OK in 86ms (Views: 74.9ms | ActiveRecord: 0.0ms)


Started GET "/restaurants/new" for ::1 at 2017-01-05 16:37:11 -0500
Processing by RestaurantsController#new as HTML
  Rendering restaurants/new.html.erb within layouts/application
  Rendered restaurants/_form.html.erb (2.0ms)
  Rendered restaurants/new.html.erb within layouts/application (8.5ms)
  Rendered layouts/_bootstrap.html.erb (0.5ms)
  Rendered layouts/_navbar.html.erb (0.5ms)
  Rendered layouts/_footer.html.erb (0.0ms)
Completed 200 OK in 87ms (Views: 76.6ms | ActiveRecord: 0.0ms)


Started GET "/restaurants" for ::1 at 2017-01-05 16:37:13 -0500
Processing by RestaurantsController#index as HTML
  Rendering restaurants/index.html.erb within layouts/application
  [1m[36mRestaurant Load (0.0ms)[0m  [1m[34mSELECT "restaurants".* FROM "restaurants"[0m
  Rendered restaurants/index.html.erb within layouts/application (1.5ms)
  Rendered layouts/_bootstrap.html.erb (0.5ms)
  Rendered layouts/_navbar.html.erb (0.0ms)
  Rendered layouts/_footer.html.erb (0.0ms)
Completed 200 OK in 93ms (Views: 76.9ms | ActiveRecord: 0.0ms)


Started GET "/restaurants" for ::1 at 2017-01-05 16:37:36 -0500
Processing by RestaurantsController#index as HTML
  Rendering restaurants/index.html.erb within layouts/application
  [1m[36mRestaurant Load (0.0ms)[0m  [1m[34mSELECT "restaurants".* FROM "restaurants"[0m
  Rendered restaurants/index.html.erb within layouts/application (1.5ms)
  Rendered layouts/_bootstrap.html.erb (0.0ms)
  Rendered layouts/_navbar.html.erb (0.0ms)
  Rendered layouts/_footer.html.erb (0.0ms)
Completed 200 OK in 81ms (Views: 71.1ms | ActiveRecord: 0.0ms)


Started GET "/restaurants/new" for ::1 at 2017-01-05 16:37:38 -0500
Processing by RestaurantsController#new as HTML
  Rendering restaurants/new.html.erb within layouts/application
  Rendered restaurants/_form.html.erb (2.0ms)
  Rendered restaurants/new.html.erb within layouts/application (8.5ms)
  Rendered layouts/_bootstrap.html.erb (0.5ms)
  Rendered layouts/_navbar.html.erb (0.5ms)
  Rendered layouts/_footer.html.erb (0.0ms)
Completed 200 OK in 78ms (Views: 72.0ms | ActiveRecord: 0.0ms)


Started GET "/restaurants" for ::1 at 2017-01-05 16:37:40 -0500
Processing by RestaurantsController#index as HTML
  Rendering restaurants/index.html.erb within layouts/application
  [1m[36mRestaurant Load (0.0ms)[0m  [1m[34mSELECT "restaurants".* FROM "restaurants"[0m
  Rendered restaurants/index.html.erb within layouts/application (1.0ms)
  Rendered layouts/_bootstrap.html.erb (0.5ms)
  Rendered layouts/_navbar.html.erb (0.5ms)
  Rendered layouts/_footer.html.erb (0.5ms)
Completed 200 OK in 84ms (Views: 73.4ms | ActiveRecord: 0.0ms)


Started GET "/restaurants" for ::1 at 2017-01-05 16:37:59 -0500
Processing by RestaurantsController#index as HTML
  Rendering restaurants/index.html.erb within layouts/application
  [1m[36mRestaurant Load (0.0ms)[0m  [1m[34mSELECT "restaurants".* FROM "restaurants"[0m
  Rendered restaurants/index.html.erb within layouts/application (1.5ms)
  Rendered layouts/_bootstrap.html.erb (0.5ms)
  Rendered layouts/_navbar.html.erb (0.5ms)
  Rendered layouts/_footer.html.erb (0.0ms)
Completed 200 OK in 85ms (Views: 73.3ms | ActiveRecord: 0.0ms)


Started GET "/restaurants/new" for ::1 at 2017-01-05 16:38:01 -0500
Processing by RestaurantsController#new as HTML
  Rendering restaurants/new.html.erb within layouts/application
  Rendered restaurants/_form.html.erb (2.0ms)
  Rendered restaurants/new.html.erb within layouts/application (8.5ms)
  Rendered layouts/_bootstrap.html.erb (0.0ms)
  Rendered layouts/_navbar.html.erb (0.5ms)
  Rendered layouts/_footer.html.erb (0.0ms)
Completed 200 OK in 82ms (Views: 72.3ms | ActiveRecord: 0.0ms)


Started GET "/restaurants" for ::1 at 2017-01-05 16:39:29 -0500
Processing by RestaurantsController#index as HTML
  Rendering restaurants/index.html.erb within layouts/application
  [1m[36mRestaurant Load (0.0ms)[0m  [1m[34mSELECT "restaurants".* FROM "restaurants"[0m
  Rendered restaurants/index.html.erb within layouts/application (2.0ms)
  Rendered layouts/_bootstrap.html.erb (0.0ms)
  Rendered layouts/_navbar.html.erb (0.0ms)
  Rendered layouts/_footer.html.erb (0.5ms)
Completed 200 OK in 105ms (Views: 86.4ms | ActiveRecord: 0.0ms)


Started GET "/restaurants/new" for ::1 at 2017-01-05 16:39:32 -0500
Processing by RestaurantsController#new as HTML
  Rendering restaurants/new.html.erb within layouts/application
  Rendered restaurants/_form.html.erb (2.0ms)
  Rendered restaurants/new.html.erb within layouts/application (8.0ms)
  Rendered layouts/_bootstrap.html.erb (0.5ms)
  Rendered layouts/_navbar.html.erb (0.5ms)
  Rendered layouts/_footer.html.erb (0.0ms)
Completed 200 OK in 89ms (Views: 76.3ms | ActiveRecord: 0.0ms)


Started GET "/restaurants" for ::1 at 2017-01-05 16:39:34 -0500
Processing by RestaurantsController#index as HTML
  Rendering restaurants/index.html.erb within layouts/application
  [1m[36mRestaurant Load (0.5ms)[0m  [1m[34mSELECT "restaurants".* FROM "restaurants"[0m
  Rendered restaurants/index.html.erb within layouts/application (1.0ms)
  Rendered layouts/_bootstrap.html.erb (0.5ms)
  Rendered layouts/_navbar.html.erb (0.5ms)
  Rendered layouts/_footer.html.erb (0.5ms)
Completed 200 OK in 81ms (Views: 69.6ms | ActiveRecord: 0.5ms)


Started GET "/restaurants" for ::1 at 2017-01-05 16:40:38 -0500
Processing by RestaurantsController#index as HTML
  Rendering restaurants/index.html.erb within layouts/application
  [1m[36mRestaurant Load (0.5ms)[0m  [1m[34mSELECT "restaurants".* FROM "restaurants"[0m
  Rendered restaurants/index.html.erb within layouts/application (1.5ms)
  Rendered layouts/_bootstrap.html.erb (0.0ms)
  Rendered layouts/_navbar.html.erb (0.0ms)
  Rendered layouts/_footer.html.erb (0.0ms)
Completed 200 OK in 86ms (Views: 72.6ms | ActiveRecord: 0.5ms)


Started GET "/restaurants" for ::1 at 2017-01-05 16:40:50 -0500
  [1m[36mActiveRecord::SchemaMigration Load (0.0ms)[0m  [1m[34mSELECT "schema_migrations".* FROM "schema_migrations"[0m
Processing by RestaurantsController#index as HTML
  Rendering restaurants/index.html.erb within layouts/application
  [1m[36mRestaurant Load (0.0ms)[0m  [1m[34mSELECT "restaurants".* FROM "restaurants"[0m
  Rendered restaurants/index.html.erb within layouts/application (6.5ms)
  Rendered layouts/_bootstrap.html.erb (0.5ms)
  Rendered layouts/_navbar.html.erb (0.0ms)
  Rendered layouts/_footer.html.erb (0.0ms)
Completed 200 OK in 282ms (Views: 262.9ms | ActiveRecord: 0.0ms)


Started GET "/restaurants/new" for ::1 at 2017-01-05 16:41:23 -0500
Processing by RestaurantsController#new as HTML
  Rendering restaurants/new.html.erb within layouts/application
  Rendered restaurants/_form.html.erb (18.0ms)
  Rendered restaurants/new.html.erb within layouts/application (23.5ms)
  Rendered layouts/_bootstrap.html.erb (0.5ms)
  Rendered layouts/_navbar.html.erb (0.5ms)
  Rendered layouts/_footer.html.erb (0.0ms)
Completed 200 OK in 99ms (Views: 85.9ms | ActiveRecord: 0.5ms)


Started GET "/restaurants" for ::1 at 2017-01-05 16:41:25 -0500
Processing by RestaurantsController#index as HTML
  Rendering restaurants/index.html.erb within layouts/application
  [1m[36mRestaurant Load (0.0ms)[0m  [1m[34mSELECT "restaurants".* FROM "restaurants"[0m
  Rendered restaurants/index.html.erb within layouts/application (1.5ms)
  Rendered layouts/_bootstrap.html.erb (0.5ms)
  Rendered layouts/_navbar.html.erb (0.0ms)
  Rendered layouts/_footer.html.erb (0.5ms)
Completed 200 OK in 114ms (Views: 90.6ms | ActiveRecord: 0.0ms)


Started GET "/restaurants/new" for ::1 at 2017-01-05 16:43:39 -0500
Processing by RestaurantsController#new as HTML
  Rendering restaurants/new.html.erb within layouts/application
  Rendered restaurants/_form.html.erb (2.0ms)
  Rendered restaurants/new.html.erb within layouts/application (8.0ms)
  Rendered layouts/_bootstrap.html.erb (0.5ms)
  Rendered layouts/_navbar.html.erb (0.5ms)
  Rendered layouts/_footer.html.erb (0.5ms)
Completed 200 OK in 83ms (Views: 71.7ms | ActiveRecord: 0.0ms)


Started GET "/restaurants" for ::1 at 2017-01-05 16:43:40 -0500
Processing by RestaurantsController#index as HTML
  Rendering restaurants/index.html.erb within layouts/application
  [1m[36mRestaurant Load (0.0ms)[0m  [1m[34mSELECT "restaurants".* FROM "restaurants"[0m
  Rendered restaurants/index.html.erb within layouts/application (1.5ms)
  Rendered layouts/_bootstrap.html.erb (0.0ms)
  Rendered layouts/_navbar.html.erb (0.5ms)
  Rendered layouts/_footer.html.erb (0.5ms)
Completed 200 OK in 78ms (Views: 69.1ms | ActiveRecord: 0.0ms)


Started GET "/restaurants/new" for ::1 at 2017-01-05 16:43:42 -0500
Processing by RestaurantsController#new as HTML
  Rendering restaurants/new.html.erb within layouts/application
  Rendered restaurants/_form.html.erb (2.5ms)
  Rendered restaurants/new.html.erb within layouts/application (8.0ms)
  Rendered layouts/_bootstrap.html.erb (0.5ms)
  Rendered layouts/_navbar.html.erb (0.5ms)
  Rendered layouts/_footer.html.erb (0.5ms)
Completed 200 OK in 1121ms (Views: 1110.4ms | ActiveRecord: 0.0ms)


Started POST "/restaurants" for ::1 at 2017-01-05 16:43:46 -0500
Processing by RestaurantsController#create as HTML
  Parameters: {"utf8"=>"✓", "authenticity_token"=>"5j1ezzMvCHCxLTHY4xpL/sNuYpqq7yOYdf/df3/0rJb8QR8U0XlXmjzxjrSpMSUvAgrby+jta4pRmmHCFSkp+A==", "restaurant"=>{"name"=>"Terrence Henriquez", "address"=>"113 Buckingham Ave", "phone"=>"6093799501", "website"=>""}, "commit"=>"Create Restaurant"}
  [1m[35m (0.5ms)[0m  [1m[36mbegin transaction[0m
  [1m[35mSQL (55.8ms)[0m  [1m[32mINSERT INTO "restaurants" ("name", "address", "phone", "website", "created_at", "updated_at") VALUES (?, ?, ?, ?, ?, ?)[0m  [["name", "Terrence Henriquez"], ["address", "113 Buckingham Ave"], ["phone", "6093799501"], ["website", ""], ["created_at", 2017-01-05 21:43:46 UTC], ["updated_at", 2017-01-05 21:43:46 UTC]]
  [1m[35m (171.3ms)[0m  [1m[36mcommit transaction[0m
Redirected to http://localhost:3000/restaurants/1
Completed 302 Found in 235ms (ActiveRecord: 227.5ms)


Started GET "/restaurants/1" for ::1 at 2017-01-05 16:43:47 -0500
Processing by RestaurantsController#show as HTML
  Parameters: {"id"=>"1"}
  [1m[36mRestaurant Load (0.5ms)[0m  [1m[34mSELECT  "restaurants".* FROM "restaurants" WHERE "restaurants"."id" = ? LIMIT ?[0m  [["id", 1], ["LIMIT", 1]]
  Rendering restaurants/show.html.erb within layouts/application
  Rendered restaurants/show.html.erb within layouts/application (1.0ms)
  Rendered layouts/_bootstrap.html.erb (0.5ms)
  Rendered layouts/_navbar.html.erb (0.5ms)
  Rendered layouts/_footer.html.erb (0.0ms)
Completed 200 OK in 120ms (Views: 76.1ms | ActiveRecord: 0.5ms)


Started GET "/" for ::1 at 2017-01-05 16:43:50 -0500
Processing by RestaurantsController#index as HTML
  Rendering restaurants/index.html.erb within layouts/application
  [1m[36mRestaurant Load (0.5ms)[0m  [1m[34mSELECT "restaurants".* FROM "restaurants"[0m
  Rendered restaurants/index.html.erb within layouts/application (1.5ms)
  Rendered layouts/_bootstrap.html.erb (0.5ms)
  Rendered layouts/_navbar.html.erb (0.5ms)
  Rendered layouts/_footer.html.erb (0.0ms)
Completed 200 OK in 76ms (Views: 64.7ms | ActiveRecord: 0.5ms)


Started GET "/" for ::1 at 2017-01-05 16:48:31 -0500
Processing by RestaurantsController#index as HTML
  Rendering restaurants/index.html.erb within layouts/application
  [1m[36mRestaurant Load (0.5ms)[0m  [1m[34mSELECT "restaurants".* FROM "restaurants"[0m
  Rendered restaurants/index.html.erb within layouts/application (3.5ms)
  Rendered layouts/_bootstrap.html.erb (0.5ms)
  Rendered layouts/_navbar.html.erb (0.5ms)
  Rendered layouts/_footer.html.erb (0.5ms)
Completed 200 OK in 108ms (Views: 94.0ms | ActiveRecord: 0.5ms)


Started GET "/restaurants" for ::1 at 2017-01-05 16:48:33 -0500
Processing by RestaurantsController#index as HTML
  Rendering restaurants/index.html.erb within layouts/application
  [1m[36mRestaurant Load (0.5ms)[0m  [1m[34mSELECT "restaurants".* FROM "restaurants"[0m
  Rendered restaurants/index.html.erb within layouts/application (1.5ms)
  Rendered layouts/_bootstrap.html.erb (0.5ms)
  Rendered layouts/_navbar.html.erb (0.5ms)
  Rendered layouts/_footer.html.erb (0.0ms)
Completed 200 OK in 75ms (Views: 66.8ms | ActiveRecord: 0.5ms)


Started GET "/restaurants" for ::1 at 2017-01-05 16:48:35 -0500
Processing by RestaurantsController#index as HTML
  Rendering restaurants/index.html.erb within layouts/application
  [1m[36mRestaurant Load (0.0ms)[0m  [1m[34mSELECT "restaurants".* FROM "restaurants"[0m
  Rendered restaurants/index.html.erb within layouts/application (2.0ms)
  Rendered layouts/_bootstrap.html.erb (0.0ms)
  Rendered layouts/_navbar.html.erb (0.5ms)
  Rendered layouts/_footer.html.erb (0.0ms)
Completed 200 OK in 83ms (Views: 70.9ms | ActiveRecord: 0.0ms)


Started GET "/restaurants" for ::1 at 2017-01-05 16:48:36 -0500
Processing by RestaurantsController#index as HTML
Started GET "/restaurants" for ::1 at 2017-01-05 16:48:36 -0500
Processing by RestaurantsController#index as HTML
  Rendering restaurants/index.html.erb within layouts/application
  [1m[36mRestaurant Load (0.0ms)[0m  [1m[34mSELECT "restaurants".* FROM "restaurants"[0m
  Rendering restaurants/index.html.erb within layouts/application
  Rendered restaurants/index.html.erb within layouts/application (2.5ms)
  [1m[36mRestaurant Load (0.5ms)[0m  [1m[34mSELECT "restaurants".* FROM "restaurants"[0m
  Rendered restaurants/index.html.erb within layouts/application (4.0ms)
  Rendered layouts/_bootstrap.html.erb (0.5ms)
  Rendered layouts/_bootstrap.html.erb (0.0ms)
  Rendered layouts/_navbar.html.erb (0.5ms)
  Rendered layouts/_navbar.html.erb (0.0ms)
  Rendered layouts/_footer.html.erb (0.0ms)
  Rendered layouts/_footer.html.erb (0.0ms)
Completed 200 OK in 171ms (Views: 146.8ms | ActiveRecord: 0.0ms)


Completed 200 OK in 131ms (Views: 124.7ms | ActiveRecord: 0.5ms)


Started GET "/restaurants/new" for ::1 at 2017-01-05 16:48:37 -0500
Processing by RestaurantsController#new as HTML
  Rendering restaurants/new.html.erb within layouts/application
  Rendered restaurants/_form.html.erb (2.0ms)
  Rendered restaurants/new.html.erb within layouts/application (8.0ms)
  Rendered layouts/_bootstrap.html.erb (0.5ms)
  Rendered layouts/_navbar.html.erb (0.5ms)
  Rendered layouts/_footer.html.erb (0.0ms)
Completed 200 OK in 86ms (Views: 75.3ms | ActiveRecord: 0.0ms)


Started GET "/restaurants" for ::1 at 2017-01-05 16:48:38 -0500
Processing by RestaurantsController#index as HTML
  Rendering restaurants/index.html.erb within layouts/application
  [1m[36mRestaurant Load (0.0ms)[0m  [1m[34mSELECT "restaurants".* FROM "restaurants"[0m
  Rendered restaurants/index.html.erb within layouts/application (2.0ms)
  Rendered layouts/_bootstrap.html.erb (0.5ms)
  Rendered layouts/_navbar.html.erb (0.5ms)
  Rendered layouts/_footer.html.erb (0.0ms)
Completed 200 OK in 84ms (Views: 72.7ms | ActiveRecord: 0.0ms)


Started GET "/restaurants" for ::1 at 2017-01-05 16:48:40 -0500
Processing by RestaurantsController#index as HTML
  Rendering restaurants/index.html.erb within layouts/application
  [1m[36mRestaurant Load (0.0ms)[0m  [1m[34mSELECT "restaurants".* FROM "restaurants"[0m
  Rendered restaurants/index.html.erb within layouts/application (2.0ms)
  Rendered layouts/_bootstrap.html.erb (0.0ms)
  Rendered layouts/_navbar.html.erb (0.5ms)
  Rendered layouts/_footer.html.erb (0.5ms)
Completed 200 OK in 91ms (Views: 79.0ms | ActiveRecord: 0.0ms)


Started GET "/restaurants/new" for ::1 at 2017-01-05 16:48:41 -0500
Processing by RestaurantsController#new as HTML
  Rendering restaurants/new.html.erb within layouts/application
  Rendered restaurants/_form.html.erb (2.5ms)
  Rendered restaurants/new.html.erb within layouts/application (8.5ms)
  Rendered layouts/_bootstrap.html.erb (0.5ms)
  Rendered layouts/_navbar.html.erb (0.5ms)
  Rendered layouts/_footer.html.erb (0.5ms)
Completed 200 OK in 84ms (Views: 75.9ms | ActiveRecord: 0.0ms)


Started GET "/restaurants" for ::1 at 2017-01-05 16:48:42 -0500
Processing by RestaurantsController#index as HTML
  Rendering restaurants/index.html.erb within layouts/application
  [1m[36mRestaurant Load (0.0ms)[0m  [1m[34mSELECT "restaurants".* FROM "restaurants"[0m
  Rendered restaurants/index.html.erb within layouts/application (1.5ms)
  Rendered layouts/_bootstrap.html.erb (0.5ms)
  Rendered layouts/_navbar.html.erb (0.5ms)
  Rendered layouts/_footer.html.erb (0.5ms)
Completed 200 OK in 79ms (Views: 68.4ms | ActiveRecord: 0.0ms)


Started GET "/pages/contact" for ::1 at 2017-01-05 16:48:48 -0500
Processing by PagesController#contact as HTML
  Rendering pages/contact.html.erb within layouts/application
  Rendered pages/contact.html.erb within layouts/application (0.0ms)
  Rendered layouts/_bootstrap.html.erb (0.0ms)
  Rendered layouts/_navbar.html.erb (0.5ms)
  Rendered layouts/_footer.html.erb (0.5ms)
Completed 200 OK in 78ms (Views: 66.3ms | ActiveRecord: 0.0ms)


Started GET "/pages/about" for ::1 at 2017-01-05 16:48:49 -0500
Processing by PagesController#about as HTML
  Rendering pages/about.html.erb within layouts/application
  Rendered pages/about.html.erb within layouts/application (0.5ms)
  Rendered layouts/_bootstrap.html.erb (0.5ms)
  Rendered layouts/_navbar.html.erb (0.5ms)
  Rendered layouts/_footer.html.erb (0.5ms)
Completed 200 OK in 82ms (Views: 68.4ms | ActiveRecord: 0.0ms)


Started GET "/" for ::1 at 2017-01-05 16:48:50 -0500
Processing by RestaurantsController#index as HTML
  Rendering restaurants/index.html.erb within layouts/application
  [1m[36mRestaurant Load (0.5ms)[0m  [1m[34mSELECT "restaurants".* FROM "restaurants"[0m
  Rendered restaurants/index.html.erb within layouts/application (2.0ms)
  Rendered layouts/_bootstrap.html.erb (0.5ms)
  Rendered layouts/_navbar.html.erb (0.5ms)
  Rendered layouts/_footer.html.erb (0.5ms)
Completed 200 OK in 78ms (Views: 66.0ms | ActiveRecord: 0.5ms)


Started GET "/" for ::1 at 2017-01-05 16:48:51 -0500
Processing by RestaurantsController#index as HTML
  Rendering restaurants/index.html.erb within layouts/application
  [1m[36mRestaurant Load (0.5ms)[0m  [1m[34mSELECT "restaurants".* FROM "restaurants"[0m
  Rendered restaurants/index.html.erb within layouts/application (2.5ms)
  Rendered layouts/_bootstrap.html.erb (0.5ms)
  Rendered layouts/_navbar.html.erb (0.5ms)
  Rendered layouts/_footer.html.erb (0.5ms)
Completed 200 OK in 104ms (Views: 87.0ms | ActiveRecord: 0.5ms)


Started GET "/" for ::1 at 2017-01-05 16:51:12 -0500
Processing by RestaurantsController#index as HTML
  Rendering restaurants/index.html.erb within layouts/application
  [1m[36mRestaurant Load (0.5ms)[0m  [1m[34mSELECT "restaurants".* FROM "restaurants"[0m
  Rendered restaurants/index.html.erb within layouts/application (2.0ms)
  Rendered layouts/_bootstrap.html.erb (0.5ms)
  Rendered layouts/_navbar.html.erb (0.5ms)
  Rendered layouts/_footer.html.erb (0.0ms)
Completed 200 OK in 1573ms (Views: 1559.3ms | ActiveRecord: 0.5ms)


Started GET "/restaurants/new" for ::1 at 2017-01-05 16:51:20 -0500
Processing by RestaurantsController#new as HTML
  Rendering restaurants/new.html.erb within layouts/application
  Rendered restaurants/_form.html.erb (2.5ms)
  Rendered restaurants/new.html.erb within layouts/application (8.0ms)
  Rendered layouts/_bootstrap.html.erb (0.0ms)
  Rendered layouts/_navbar.html.erb (0.5ms)
  Rendered layouts/_footer.html.erb (0.5ms)
Completed 200 OK in 86ms (Views: 76.0ms | ActiveRecord: 0.0ms)


Started GET "/restaurants" for ::1 at 2017-01-05 16:51:21 -0500
Processing by RestaurantsController#index as HTML
  Rendering restaurants/index.html.erb within layouts/application
  [1m[36mRestaurant Load (0.0ms)[0m  [1m[34mSELECT "restaurants".* FROM "restaurants"[0m
  Rendered restaurants/index.html.erb within layouts/application (1.5ms)
  Rendered layouts/_bootstrap.html.erb (0.5ms)
  Rendered layouts/_navbar.html.erb (0.5ms)
  Rendered layouts/_footer.html.erb (0.5ms)
Completed 200 OK in 74ms (Views: 64.3ms | ActiveRecord: 0.0ms)


Started DELETE "/restaurants/1" for ::1 at 2017-01-05 16:51:26 -0500
Processing by RestaurantsController#destroy as HTML
  Parameters: {"authenticity_token"=>"6BZHMYcE78Pn5RhVwS3wbb/O3SpbWw2N9BZDnU324Wiz5DKhyLB3wNxZ9u1ySvwfDht1NFrt4tkuhmIE7ATmSw==", "id"=>"1"}
  [1m[36mRestaurant Load (0.0ms)[0m  [1m[34mSELECT  "restaurants".* FROM "restaurants" WHERE "restaurants"."id" = ? LIMIT ?[0m  [["id", 1], ["LIMIT", 1]]
  [1m[35m (0.0ms)[0m  [1m[36mbegin transaction[0m
  [1m[35mSQL (0.5ms)[0m  [1m[31mDELETE FROM "restaurants" WHERE "restaurants"."id" = ?[0m  [["id", 1]]
  [1m[35m (140.0ms)[0m  [1m[36mcommit transaction[0m
Redirected to http://localhost:3000/restaurants
Completed 302 Found in 146ms (ActiveRecord: 140.5ms)


Started GET "/restaurants" for ::1 at 2017-01-05 16:51:26 -0500
Processing by RestaurantsController#index as HTML
  Rendering restaurants/index.html.erb within layouts/application
  [1m[36mRestaurant Load (0.0ms)[0m  [1m[34mSELECT "restaurants".* FROM "restaurants"[0m
  Rendered restaurants/index.html.erb within layouts/application (1.5ms)
  Rendered layouts/_bootstrap.html.erb (0.5ms)
  Rendered layouts/_navbar.html.erb (0.5ms)
  Rendered layouts/_footer.html.erb (0.0ms)
Completed 200 OK in 89ms (Views: 75.9ms | ActiveRecord: 0.0ms)


